when I try to run pip install pytvchart

I am getting the error below

ERROR: Could not find a version that satisfies the requirement pytvchart (from versions: none)
ERROR: No matching distribution found for pytvchart

How do I fix it

profile
Qwen2.5-Max
The error you are encountering indicates that pip is unable to find a package named pytvchart in the Python Package Index (PyPI). This typically happens when:

The package name is incorrect or misspelled.
The package does not exist on PyPI.
The package is hosted elsewhere (e.g., a private repository or GitHub).
Let us analyze the issue and provide a solution step by step:

Step 1: Verify the Package Name
Ensure that the package name pytvchart is correct. You can check this by visiting PyPI and searching for pytvchart. If no results are found, it means the package is not available on PyPI.

If the package name is incorrect, try searching for the correct name or consult the documentation/source where you found the reference to pytvchart.

Step 2: Check for Alternative Installation Methods
If the package is not hosted on PyPI but exists elsewhere (e.g., GitHub), you may need to install it directly from the source. For example, if the package is hosted on GitHub, you can install it using the following command:

bash
Copy
1
pip install git+https://github.com/<username>/<repository>.git
Replace <username> and <repository> with the actual GitHub username and repository name. If you know the repository URL for pytvchart, use it in the above command.

Step 3: Confirm the Existence of the Package
If you are unsure whether pytvchart exists at all, search for it online or consult the source where you encountered the reference. It is possible that the package is either deprecated, renamed, or not publicly available.

Step 4: Debugging with Verbose Output
To gather more information about why pip cannot find the package, you can run the installation command with the --verbose flag:

bash
Copy
1
pip install pytvchart --verbose
This will provide detailed logs that might help identify the root cause of the issue.

Step 5: Check Python and Pip Versions
Ensure that your Python and pip versions are up to date. Some packages may require newer versions of Python or pip. You can update them as follows:

bash
Copy
1
2
3
4
5
6
7
8
# Update pip
python -m pip install --upgrade pip

# Check Python version
python --version

# Check pip version
pip --version
Step 6: Contact the Package Maintainer
If you believe the package should exist but is unavailable, consider reaching out to the maintainer or checking their official documentation or repository for updated installation instructions.

Conclusion
Based on the error message, it seems likely that pytvchart is either not published on PyPI or the name is incorrect. Start by verifying the package name and checking alternative installation methods (e.g., GitHub). If you still cannot resolve the issue, provide additional details about where you found the reference to pytvchart, and I will assist further.

How do I run this application in the github repository below

https://github.com/filipemarques87/tradingview-chart-py/tree/master

profile
Qwen2.5-Max
Thinking completed
Okay, the user wants to run the application from the GitHub repository https://github.com/filipemarques87/tradingview-chart-py/tree/master. Let me figure out the steps they need to take.

First, I should check if the repository has a setup.py or requirements.txt file. Those are common in Python projects for dependencies. Looking at the repo, there's a setup.py and a requirements.txt. That means they can install the package using pip.

The user might not have installed the package yet. So, the first step would be to clone the repository. Using git clone is standard. Then, navigate into the directory. After that, installing via pip install -e . would install it in editable mode, which is useful for development [[1]].

Wait, the user might not have the dependencies installed. The requirements.txt includes packages like pandas and pytvchart. Oh, but earlier the user had trouble with pytvchart. Maybe that's a private package or not on PyPI. If pytvchart isn't on PyPI, they might need to install it from another source, like GitHub. But in this case, the requirements.txt might have a line like -e git+https://github.com/user/pytvchart.git#egg=pytvchart to install it from a repo [[2]].

Alternatively, if pytvchart is part of this repository, maybe installing the package with setup.py would handle it. But the user should check if all dependencies are available. If not, they might need to install them manually or adjust the requirements.

Also, the user might need to set up an environment. Using conda or venv would be good practice. For example, creating a conda environment with Python 3.8 and then installing the package there [[5]].

Another thing: after installing, how do they run the application? The repository might have a script or a command. The user should check for a main.py or instructions in the README. If there's a script, running python main.py would start it. If not, they might need to look for example code in the docs or tests.

If there are issues with dependencies, the user should check the versions. Maybe some packages require specific versions. Using pip install with the -r requirements.txt should handle that, but if a package isn't found, they might need to install it from source as mentioned before.

In summary, the steps are: clone the repo, set up a virtual environment, install dependencies, install the package, and run the application. If dependencies like pytvchart aren't on PyPI, install them directly from GitHub using pip.
To run the application from the GitHub repository https://github.com/filipemarques87/tradingview-chart-py , follow these steps:

1. Clone the Repository
Use git to clone the repository to your local machine:
bash
Copy
1
2
git clone https://github.com/filipemarques87/tradingview-chart-py.git
cd tradingview-chart-py
2. Set Up a Python Environment
Create a virtual environment (e.g., using conda or venv):
bash
Copy
1
2
3
4
5
6
7
8
9
# Using conda (recommended for isolation) [[5]]:
conda create -n tradingview-env python=3.8
conda activate tradingview-env

# Or using Python's built-in venv:
python -m venv env
source env/bin/activate  # Linux/Mac
# OR
env\Scripts\activate     # Windows
3. Install Dependencies
The repository includes a requirements.txt file. Install dependencies with:
bash
Copy
1
pip install -r requirements.txt
If pytvchart (a dependency) is not on PyPI, install it directly from its GitHub repository (if available):
bash
Copy
1
pip install git+https://github.com/<username>/pytvchart.git  # Replace with the actual repo URL [[1]][[3]]
4. Install the Package Locally
The repository includes a setup.py file. Install the package in "editable" mode:
bash
Copy
1
pip install -e .
5. Run the Application
Check the repository for example scripts (e.g., in the examples directory or main.py). For example:
bash
Copy
1
python examples/basic_usage.py
If no script is provided, refer to the repository's documentation or test modules (e.g., tests/test_chart.py) for usage examples.
Troubleshooting
Missing Dependencies : If pytvchart is not found, ensure it is installed from its source (e.g., GitHub) 
.
Environment Issues : Use conda list or pip list to verify installed packages 
.
Git Errors : Ensure git is installed and you have access to the repository.
Let me know if you encounter specific errors!

What is the meaning of this error  below and how do I fix  it

[pywebview] GTK cannot be loaded
Traceback (most recent call last):
  File "/usr/local/lib/python3.11/dist-packages/webview/guilib.py", line 37, in import_gtk
    import webview.platforms.gtk as guilib
  File "/usr/local/lib/python3.11/dist-packages/webview/platforms/gtk.py", line 22, in <module>
    gi.require_version('Gtk', '3.0')
  File "/usr/local/lib/python3.11/dist-packages/gi/__init__.py", line 129, in require_version
    raise ValueError('Namespace %s not available for version %s' %
ValueError: Namespace Gtk not available for version 3.0
[pywebview] QT cannot be loaded
Traceback (most recent call last):
  File "/usr/local/lib/python3.11/dist-packages/webview/guilib.py", line 49, in import_qt
    import webview.platforms.qt as guilib
  File "/usr/local/lib/python3.11/dist-packages/webview/platforms/qt.py", line 23, in <module>
    from qtpy import QtCore
ModuleNotFoundError: No module named 'qtpy'
Traceback (most recent call last):
  File "/content/tradingview-chart-py/test.py", line 50, in <module>
    tvc.show()
  File "/content/tradingview-chart-py/pytvchart/pytvchart.py", line 384, in show
    webview.start(debug=True)
  File "/usr/local/lib/python3.11/dist-packages/webview/__init__.py", line 176, in start
    guilib = initialize(gui)
             ^^^^^^^^^^^^^^^
  File "/usr/local/lib/python3.11/dist-packages/webview/guilib.py", line 124, in initialize
    raise WebViewException(
webview.errors.WebViewException: You must have either QT or GTK with Python extensions installed in order to use pywebview.

profile
Qwen2.5-Max
Thinking completed
Okay, the user is encountering an error when trying to run their Python application using pywebview. The error messages indicate that both GTK and QT cannot be loaded. Let me break down what's happening here.

First, the error "[pywebview] GTK cannot be loaded" leads to a traceback where the code tries to import GTK. The key line is the ValueError: Namespace Gtk not available for version 3.0. This suggests that the system's GTK libraries are either not installed or incompatible with the Python bindings (PyGObject).

Then, the QT part fails with "ModuleNotFoundError: No module named 'qtpy'". This means the qtpy package, which is a wrapper for PyQt/PySide, isn't installed.

The final error from pywebview says you need either QT or GTK with Python extensions. So, the user needs to resolve at least one of these dependencies.

Looking at the knowledge base, there are several GitHub issues mentioned. For GTK, the common problem is missing libraries. The solution usually involves installing the GTK development packages. For example, on Ubuntu, installing python3-gi and gir1.2-gtk-3.0.

For QT, the missing qtpy module can be fixed by installing qtpy and either PyQt5 or PySide2. The user might also need to install the QT development tools if they aren't present.

Additionally, the user might need to set environment variables to specify which backend to use. For instance, setting QT_DEBUG_PLUGINS=1 could help diagnose QT issues, and GDK_BACKEND=x11 might be necessary if there's a display problem.

I should outline the steps to install both GTK and QT dependencies, as well as how to configure the environment. Also, mention checking the installation and possibly reinstalling pywebview if needed. The user might have to try one backend at a time to see which works.
The error occurs because pywebview cannot find a compatible GUI backend (GTK or QT) required to create the application window. Here's a breakdown and solution:

Error Analysis
GTK Failure :
Namespace Gtk not available for version 3.0 

This indicates missing GTK 3.0 libraries or incompatible Python bindings (PyGObject). The system lacks GTK development files or the Python gi module.
QT Failure :
ModuleNotFoundError: No module named 'qtpy' 

The qtpy package (QT compatibility layer) is not installed, or QT libraries are missing.
Final Error :
You must have either QT or GTK with Python extensions installed 

pywebview requires at least one backend (GTK or QT) to function.
Fix the Error
Option 1: Install GTK Dependencies
Linux :
bash
Copy
1
2
3
4
# Install GTK 3.0 and Python bindings
sudo apt-get install python3-gi gir1.2-gtk-3.0 libgtk-3-dev  # Debian/Ubuntu
# For Fedora:
sudo dnf install gtk3-devel python3-gobject
Verify GTK Installation :
bash
Copy
1
python3 -c "import gi; gi.require_version('Gtk', '3.0'); print('GTK OK')"
Option 2: Install QT Dependencies
Install qtpy and QT Backend :
bash
Copy
1
2
3
pip install qtpy PyQt5  # OR PySide2
# For system QT libraries (Linux):
sudo apt-get install qt5-default  # Debian/Ubuntu
Set QT Backend Explicitly :
bash
Copy
1
2
# Force pywebview to use QT
export QT_DEBUG_PLUGINS=1  # Debug QT issues
General Steps
Reinstall pywebview :
bash
Copy
1
pip uninstall pywebview -y && pip install pywebview
Set Environment Variables :
bash
Copy
1
2
3
4
# Force GTK backend
export GDK_BACKEND=x11  # Fix display issues [[3]]
# Force QT backend
export QT_QPA_PLATFORM=xcb  # For Linux/X11
Test the Application :
bash
Copy
1
python test.py  # Replace with your script
Troubleshooting
If GTK still fails, check for conflicting Python versions or reinstall PyGObject:
bash
Copy
1
pip install PyGObject  # Ensure compatibility [[1]][[3]]
For QT, ensure PyQt5/PySide2 matches your system QT version 
.
If using a virtual environment, ensure system GTK/QT libraries are accessible 
.
Let me know if you need further help!

I am still getting the error below

[pywebview] WebKit2 4.1 not found. Using 4.0.
[pywebview] GTK cannot be loaded
Traceback (most recent call last):
  File "/usr/local/lib/python3.11/dist-packages/webview/platforms/gtk.py", line 26, in <module>
    gi.require_version('WebKit2', '4.1')
  File "/usr/local/lib/python3.11/dist-packages/gi/__init__.py", line 126, in require_version
    raise ValueError('Namespace %s not available' % namespace)
ValueError: Namespace WebKit2 not available

During handling of the above exception, another exception occurred:

Traceback (most recent call last):
  File "/usr/local/lib/python3.11/dist-packages/webview/guilib.py", line 37, in import_gtk
    import webview.platforms.gtk as guilib
  File "/usr/local/lib/python3.11/dist-packages/webview/platforms/gtk.py", line 30, in <module>
    gi.require_version('WebKit2', '4.0')
  File "/usr/local/lib/python3.11/dist-packages/gi/__init__.py", line 126, in require_version
    raise ValueError('Namespace %s not available' % namespace)
ValueError: Namespace WebKit2 not available
[pywebview] Using Qt 5.15.14
[pywebview] QT cannot be loaded
Traceback (most recent call last):
  File "/usr/local/lib/python3.11/dist-packages/qtpy/QtWebEngineWidgets.py", line 28, in <module>
    from PyQt5.QtWebEngineWidgets import (
ModuleNotFoundError: No module named 'PyQt5.QtWebEngineWidgets'

The above exception was the direct cause of the following exception:

Traceback (most recent call last):
  File "/usr/local/lib/python3.11/dist-packages/webview/platforms/qt.py", line 35, in <module>
    from qtpy.QtWebEngineWidgets import QWebEnginePage as QWebPage
  File "/usr/local/lib/python3.11/dist-packages/qtpy/QtWebEngineWidgets.py", line 36, in <module>
    raise QtModuleNotInstalledError(
qtpy.QtModuleNotInstalledError: The QtWebEngineWidgets module was not found. It must be installed separately as PyQtWebEngine.

During handling of the above exception, another exception occurred:

Traceback (most recent call last):
  File "/usr/local/lib/python3.11/dist-packages/webview/guilib.py", line 49, in import_qt
    import webview.platforms.qt as guilib
  File "/usr/local/lib/python3.11/dist-packages/webview/platforms/qt.py", line 42, in <module>
    from PyQt5 import QtWebKitWidgets
ImportError: cannot import name 'QtWebKitWidgets' from 'PyQt5' (/usr/local/lib/python3.11/dist-packages/PyQt5/__init__.py)
Traceback (most recent call last):
  File "/content/tradingview-chart-py/test.py", line 50, in <module>
    tvc.show()
  File "/content/tradingview-chart-py/pytvchart/pytvchart.py", line 384, in show
    webview.start(debug=True)
  File "/usr/local/lib/python3.11/dist-packages/webview/__init__.py", line 176, in start
    guilib = initialize(gui)
             ^^^^^^^^^^^^^^^
  File "/usr/local/lib/python3.11/dist-packages/webview/guilib.py", line 124, in initialize
    raise WebViewException(
webview.errors.WebViewException: You must have either QT or GTK with Python extensions installed in order to use pywebview.

Please fix it

profile
Qwen2.5-Max
1:25 pm
Thinking completed
Okay, let's tackle this error step by step. The user is getting a series of errors related to pywebview not being able to load either GTK or QT backends. The error messages mention issues with WebKit2 versions and missing QT modules.

First, looking at the GTK part of the error: The system is trying to use WebKit2 version 4.1, then falls back to 4.0, but both are unavailable. From the knowledge base, I remember that WebKit2 might need specific system packages. In [[7]], there's a mention of installing `gir1.2-webkit2-4.0` using apt. So, installing that package could resolve the WebKit2 issue for GTK.

Next, the QT errors. The traceback shows that `PyQt5.QtWebEngineWidgets` is missing. The error message even says to install `PyQtWebEngine` separately. The user probably has PyQt5 installed but not the WebEngine component. According to [[6]], installing `pywebview[qt]` should handle QT dependencies, which includes PyQtWebEngine. Alternatively, installing `PyQt5` and `PyQtWebEngine` directly via pip might be necessary.

Also, the user might have conflicting versions or missing system libraries for QT. On Linux, installing `qt5-default` or similar packages could help, as mentioned in [[4]] and [[6]]. For GTK, ensuring that `python3-gi` and related packages are installed is crucial, as noted in [[1]] and [[3]].

Another thing to check is the version compatibility. The user is on Python 3.11, and some packages might not be compatible yet. Maybe suggesting a virtual environment with a slightly older Python version could help, but that's more of a workaround.

Putting it all together, the steps should involve installing the missing system packages for GTK (like `gir1.2-webkit2-4.0`), ensuring QT dependencies are met by installing `PyQtWebEngine`, and possibly reinstalling pywebview with the appropriate extras. Also, verifying the installation steps from the documentation ([[2]], [[6]]) would be good.
The error indicates both GTK and QT backends are failing due to missing dependencies. Here's how to resolve it:

Step 1: Fix GTK WebKit2 Issue
The error Namespace WebKit2 not available means the GTK WebKit2 bindings are missing.
Solution :
Install the required system package for GTK WebKit2:

bash
Copy
1
2
3
4
5
# For Debian/Ubuntu:
sudo apt-get install gir1.2-webkit2-4.0  # Installs WebKit2 GTK 4.0 bindings [[7]]

# For Fedora:
sudo dnf install gtk3-devel webkit2gtk3-devel  # Installs GTK and WebKit2 headers
Step 2: Fix QT Backend Issues
The error No module named 'PyQt5.QtWebEngineWidgets' indicates missing QT WebEngine components.
Solution :
Install the QtWebEngine package explicitly:

bash
Copy
1
pip install PyQtWebEngine  # Required for QT backend [[6]][[8]]
If using PySide2 instead of PyQt5:

bash
Copy
1
pip install PySide2  # Alternative QT backend
Step 3: Reinstall pywebview with Backend Support
Ensure pywebview is installed with the correct dependencies for your chosen backend:

bash
Copy
1
2
3
4
5
# For GTK:
pip install pywebview[gtk]  # Installs GTK-specific dependencies [[2]][[6]]

# For QT:
pip install pywebview[qt]   # Installs QT-specific dependencies [[6]]
Step 4: Verify System Dependencies
If on Linux, ensure system-level GTK/QT libraries are installed:

bash
Copy
1
2
3
4
5
# GTK dependencies (Debian/Ubuntu):
sudo apt-get install python3-gi gir1.2-gtk-3.0 libgtk-3-dev  # [[1]][[3]][[7]]

# QT dependencies (Debian/Ubuntu):
sudo apt-get install qt5-default libqt5webenginewidgets5  # [[4]][[6]]
Step 5: Test the Application
Force pywebview to use a specific backend (replace gtk with qt if needed):

bash
Copy
1
2
export PYWEBVIEW_GUI=gtk  # Force GTK backend
python test.py  # Replace with your script
Troubleshooting
If GTK still fails, check WebKit2 version compatibility. Downgrade to gir1.2-webkit2-4.0 if needed 
.
For QT, ensure PyQtWebEngine is installed in the same environment as PyQt5 
.
If using Conda, install GTK/QT via Conda-forge:
bash
Copy
1
2
conda install -c conda-forge pygobject gtk3  # GTK [[1]]
conda install -c conda-forge pyqt  # QT
Let me know if you need further assistance!


Copy

Ask

Explain




